<?xml version="1.0" encoding="UTF-8"?>
<testsuite xmlns:xsi="http://www.w3.org/2001/XMLSchema-instance" xsi:noNamespaceSchemaLocation="https://maven.apache.org/surefire/maven-surefire-plugin/xsd/surefire-test-report.xsd" name="TestSuite" time="2.595" tests="32" errors="0" skipped="0" failures="0">
  <properties>
    <property name="sun.desktop" value="windows"/>
    <property name="awt.toolkit" value="sun.awt.windows.WToolkit"/>
    <property name="java.specification.version" value="11"/>
    <property name="sun.cpu.isalist" value="amd64"/>
    <property name="sun.jnu.encoding" value="Cp1252"/>
    <property name="java.class.path" value="C:\Users\marit\Desktop\ventas\target\test-classes;C:\Users\marit\Desktop\ventas\target\classes;C:\Users\marit\.m2\repository\org\testng\testng\7.4.0\testng-7.4.0.jar;C:\Users\marit\.m2\repository\com\beust\jcommander\1.78\jcommander-1.78.jar;C:\Users\marit\.m2\repository\org\webjars\jquery\3.5.1\jquery-3.5.1.jar;C:\Users\marit\.m2\repository\org\mockito\mockito-core\3.2.4\mockito-core-3.2.4.jar;C:\Users\marit\.m2\repository\net\bytebuddy\byte-buddy\1.10.5\byte-buddy-1.10.5.jar;C:\Users\marit\.m2\repository\net\bytebuddy\byte-buddy-agent\1.10.5\byte-buddy-agent-1.10.5.jar;C:\Users\marit\.m2\repository\org\objenesis\objenesis\2.6\objenesis-2.6.jar;C:\Users\marit\.m2\repository\com\google\code\gson\gson\2.6.2\gson-2.6.2.jar;C:\Users\marit\.m2\repository\mysql\mysql-connector-java\8.0.26\mysql-connector-java-8.0.26.jar;C:\Users\marit\.m2\repository\com\google\protobuf\protobuf-java\3.11.4\protobuf-java-3.11.4.jar;C:\Users\marit\.m2\repository\io\micrometer\micrometer-registry-prometheus\1.2.1\micrometer-registry-prometheus-1.2.1.jar;C:\Users\marit\.m2\repository\io\micrometer\micrometer-core\1.2.1\micrometer-core-1.2.1.jar;C:\Users\marit\.m2\repository\org\hdrhistogram\HdrHistogram\2.1.11\HdrHistogram-2.1.11.jar;C:\Users\marit\.m2\repository\org\latencyutils\LatencyUtils\2.0.3\LatencyUtils-2.0.3.jar;C:\Users\marit\.m2\repository\io\prometheus\simpleclient_common\0.6.0\simpleclient_common-0.6.0.jar;C:\Users\marit\.m2\repository\io\prometheus\simpleclient\0.11.0\simpleclient-0.11.0.jar;C:\Users\marit\.m2\repository\io\prometheus\simpleclient_tracer_otel\0.11.0\simpleclient_tracer_otel-0.11.0.jar;C:\Users\marit\.m2\repository\io\prometheus\simpleclient_tracer_common\0.11.0\simpleclient_tracer_common-0.11.0.jar;C:\Users\marit\.m2\repository\io\prometheus\simpleclient_tracer_otel_agent\0.11.0\simpleclient_tracer_otel_agent-0.11.0.jar;C:\Users\marit\.m2\repository\io\prometheus\simpleclient_servlet\0.11.0\simpleclient_servlet-0.11.0.jar;C:\Users\marit\.m2\repository\io\prometheus\simpleclient_httpserver\0.9.0\simpleclient_httpserver-0.9.0.jar;C:\Users\marit\.m2\repository\com\mashape\unirest\unirest-java\1.4.9\unirest-java-1.4.9.jar;C:\Users\marit\.m2\repository\org\apache\httpcomponents\httpclient\4.5.2\httpclient-4.5.2.jar;C:\Users\marit\.m2\repository\org\apache\httpcomponents\httpcore\4.4.4\httpcore-4.4.4.jar;C:\Users\marit\.m2\repository\commons-logging\commons-logging\1.2\commons-logging-1.2.jar;C:\Users\marit\.m2\repository\commons-codec\commons-codec\1.9\commons-codec-1.9.jar;C:\Users\marit\.m2\repository\org\apache\httpcomponents\httpasyncclient\4.1.1\httpasyncclient-4.1.1.jar;C:\Users\marit\.m2\repository\org\apache\httpcomponents\httpcore-nio\4.4.4\httpcore-nio-4.4.4.jar;C:\Users\marit\.m2\repository\org\apache\httpcomponents\httpmime\4.5.2\httpmime-4.5.2.jar;C:\Users\marit\.m2\repository\org\json\json\20210307\json-20210307.jar;C:\Users\marit\.m2\repository\jstl\jstl\1.2\jstl-1.2.jar;C:\Users\marit\.m2\repository\javax\servlet\javax.servlet-api\4.0.1\javax.servlet-api-4.0.1.jar;C:\Users\marit\.m2\repository\javax\javaee-web-api\7.0\javaee-web-api-7.0.jar;C:\Users\marit\.m2\repository\org\glassfish\jersey\core\jersey-server\3.0.2\jersey-server-3.0.2.jar;C:\Users\marit\.m2\repository\org\glassfish\jersey\core\jersey-common\3.0.2\jersey-common-3.0.2.jar;C:\Users\marit\.m2\repository\org\glassfish\hk2\osgi-resource-locator\1.0.3\osgi-resource-locator-1.0.3.jar;C:\Users\marit\.m2\repository\org\glassfish\jersey\core\jersey-client\3.0.2\jersey-client-3.0.2.jar;C:\Users\marit\.m2\repository\jakarta\ws\rs\jakarta.ws.rs-api\3.0.0\jakarta.ws.rs-api-3.0.0.jar;C:\Users\marit\.m2\repository\jakarta\annotation\jakarta.annotation-api\2.0.0\jakarta.annotation-api-2.0.0.jar;C:\Users\marit\.m2\repository\jakarta\inject\jakarta.inject-api\2.0.0\jakarta.inject-api-2.0.0.jar;C:\Users\marit\.m2\repository\jakarta\validation\jakarta.validation-api\3.0.0\jakarta.validation-api-3.0.0.jar;C:\Users\marit\.m2\repository\org\jacoco\jacoco-maven-plugin\0.8.6\jacoco-maven-plugin-0.8.6.jar;C:\Users\marit\.m2\repository\org\apache\maven\maven-plugin-api\3.0\maven-plugin-api-3.0.jar;C:\Users\marit\.m2\repository\org\apache\maven\maven-model\3.0\maven-model-3.0.jar;C:\Users\marit\.m2\repository\org\apache\maven\maven-artifact\3.0\maven-artifact-3.0.jar;C:\Users\marit\.m2\repository\org\sonatype\sisu\sisu-inject-plexus\1.4.2\sisu-inject-plexus-1.4.2.jar;C:\Users\marit\.m2\repository\org\sonatype\sisu\sisu-inject-bean\1.4.2\sisu-inject-bean-1.4.2.jar;C:\Users\marit\.m2\repository\org\sonatype\sisu\sisu-guice\2.1.7\sisu-guice-2.1.7-noaop.jar;C:\Users\marit\.m2\repository\org\apache\maven\maven-core\3.0\maven-core-3.0.jar;C:\Users\marit\.m2\repository\org\apache\maven\maven-settings\3.0\maven-settings-3.0.jar;C:\Users\marit\.m2\repository\org\apache\maven\maven-settings-builder\3.0\maven-settings-builder-3.0.jar;C:\Users\marit\.m2\repository\org\apache\maven\maven-repository-metadata\3.0\maven-repository-metadata-3.0.jar;C:\Users\marit\.m2\repository\org\apache\maven\maven-model-builder\3.0\maven-model-builder-3.0.jar;C:\Users\marit\.m2\repository\org\apache\maven\maven-aether-provider\3.0\maven-aether-provider-3.0.jar;C:\Users\marit\.m2\repository\org\sonatype\aether\aether-impl\1.7\aether-impl-1.7.jar;C:\Users\marit\.m2\repository\org\sonatype\aether\aether-spi\1.7\aether-spi-1.7.jar;C:\Users\marit\.m2\repository\org\sonatype\aether\aether-api\1.7\aether-api-1.7.jar;C:\Users\marit\.m2\repository\org\sonatype\aether\aether-util\1.7\aether-util-1.7.jar;C:\Users\marit\.m2\repository\org\codehaus\plexus\plexus-interpolation\1.14\plexus-interpolation-1.14.jar;C:\Users\marit\.m2\repository\org\codehaus\plexus\plexus-classworlds\2.2.3\plexus-classworlds-2.2.3.jar;C:\Users\marit\.m2\repository\org\codehaus\plexus\plexus-component-annotations\1.5.5\plexus-component-annotations-1.5.5.jar;C:\Users\marit\.m2\repository\org\sonatype\plexus\plexus-sec-dispatcher\1.3\plexus-sec-dispatcher-1.3.jar;C:\Users\marit\.m2\repository\org\sonatype\plexus\plexus-cipher\1.4\plexus-cipher-1.4.jar;C:\Users\marit\.m2\repository\org\codehaus\plexus\plexus-utils\3.0.22\plexus-utils-3.0.22.jar;C:\Users\marit\.m2\repository\org\apache\maven\shared\file-management\1.2.1\file-management-1.2.1.jar;C:\Users\marit\.m2\repository\org\apache\maven\shared\maven-shared-io\1.1\maven-shared-io-1.1.jar;C:\Users\marit\.m2\repository\org\apache\maven\maven-artifact-manager\2.0.2\maven-artifact-manager-2.0.2.jar;C:\Users\marit\.m2\repository\org\apache\maven\wagon\wagon-provider-api\1.0-alpha-6\wagon-provider-api-1.0-alpha-6.jar;C:\Users\marit\.m2\repository\org\codehaus\plexus\plexus-container-default\1.0-alpha-9\plexus-container-default-1.0-alpha-9.jar;C:\Users\marit\.m2\repository\junit\junit\3.8.1\junit-3.8.1.jar;C:\Users\marit\.m2\repository\classworlds\classworlds\1.1-alpha-2\classworlds-1.1-alpha-2.jar;C:\Users\marit\.m2\repository\org\apache\maven\reporting\maven-reporting-api\3.0\maven-reporting-api-3.0.jar;C:\Users\marit\.m2\repository\org\apache\maven\doxia\doxia-sink-api\1.0\doxia-sink-api-1.0.jar;C:\Users\marit\.m2\repository\org\apache\maven\reporting\maven-reporting-impl\2.1\maven-reporting-impl-2.1.jar;C:\Users\marit\.m2\repository\org\apache\maven\maven-project\2.0.10\maven-project-2.0.10.jar;C:\Users\marit\.m2\repository\org\apache\maven\maven-profile\2.0.10\maven-profile-2.0.10.jar;C:\Users\marit\.m2\repository\org\apache\maven\maven-plugin-registry\2.0.10\maven-plugin-registry-2.0.10.jar;C:\Users\marit\.m2\repository\org\apache\maven\doxia\doxia-core\1.1.2\doxia-core-1.1.2.jar;C:\Users\marit\.m2\repository\org\apache\maven\doxia\doxia-logging-api\1.1.2\doxia-logging-api-1.1.2.jar;C:\Users\marit\.m2\repository\xerces\xercesImpl\2.8.1\xercesImpl-2.8.1.jar;C:\Users\marit\.m2\repository\commons-lang\commons-lang\2.4\commons-lang-2.4.jar;C:\Users\marit\.m2\repository\commons-httpclient\commons-httpclient\3.1\commons-httpclient-3.1.jar;C:\Users\marit\.m2\repository\org\apache\maven\doxia\doxia-site-renderer\1.1.2\doxia-site-renderer-1.1.2.jar;C:\Users\marit\.m2\repository\org\apache\maven\doxia\doxia-decoration-model\1.1.2\doxia-decoration-model-1.1.2.jar;C:\Users\marit\.m2\repository\org\apache\maven\doxia\doxia-module-xhtml\1.1.2\doxia-module-xhtml-1.1.2.jar;C:\Users\marit\.m2\repository\org\apache\maven\doxia\doxia-module-fml\1.1.2\doxia-module-fml-1.1.2.jar;C:\Users\marit\.m2\repository\org\codehaus\plexus\plexus-i18n\1.0-beta-7\plexus-i18n-1.0-beta-7.jar;C:\Users\marit\.m2\repository\org\codehaus\plexus\plexus-velocity\1.1.7\plexus-velocity-1.1.7.jar;C:\Users\marit\.m2\repository\org\apache\velocity\velocity\1.5\velocity-1.5.jar;C:\Users\marit\.m2\repository\commons-collections\commons-collections\3.2\commons-collections-3.2.jar;C:\Users\marit\.m2\repository\commons-validator\commons-validator\1.2.0\commons-validator-1.2.0.jar;C:\Users\marit\.m2\repository\commons-beanutils\commons-beanutils\1.7.0\commons-beanutils-1.7.0.jar;C:\Users\marit\.m2\repository\commons-digester\commons-digester\1.6\commons-digester-1.6.jar;C:\Users\marit\.m2\repository\oro\oro\2.0.8\oro-2.0.8.jar;C:\Users\marit\.m2\repository\xml-apis\xml-apis\1.0.b2\xml-apis-1.0.b2.jar;C:\Users\marit\.m2\repository\org\jacoco\org.jacoco.agent\0.8.6\org.jacoco.agent-0.8.6-runtime.jar;C:\Users\marit\.m2\repository\org\jacoco\org.jacoco.core\0.8.6\org.jacoco.core-0.8.6.jar;C:\Users\marit\.m2\repository\org\ow2\asm\asm\8.0.1\asm-8.0.1.jar;C:\Users\marit\.m2\repository\org\ow2\asm\asm-commons\8.0.1\asm-commons-8.0.1.jar;C:\Users\marit\.m2\repository\org\ow2\asm\asm-analysis\8.0.1\asm-analysis-8.0.1.jar;C:\Users\marit\.m2\repository\org\ow2\asm\asm-tree\8.0.1\asm-tree-8.0.1.jar;C:\Users\marit\.m2\repository\org\jacoco\org.jacoco.report\0.8.6\org.jacoco.report-0.8.6.jar;C:\Users\marit\.m2\repository\org\apache\maven\surefire\surefire-testng-utils\2.22.0\surefire-testng-utils-2.22.0.jar;C:\Users\marit\.m2\repository\org\apache\maven\surefire\surefire-grouper\2.22.0\surefire-grouper-2.22.0.jar;"/>
    <property name="java.vm.vendor" value="Oracle Corporation"/>
    <property name="sun.arch.data.model" value="64"/>
    <property name="user.variant" value=""/>
    <property name="java.vendor.url" value="https://openjdk.java.net/"/>
    <property name="user.timezone" value="America/Regina"/>
    <property name="java.vm.specification.version" value="11"/>
    <property name="os.name" value="Windows 10"/>
    <property name="sun.java.launcher" value="SUN_STANDARD"/>
    <property name="user.country" value="ES"/>
    <property name="sun.boot.library.path" value="C:\Program Files\Java\jdk-11.0.12\bin"/>
    <property name="sun.java.command" value="C:\Users\marit\AppData\Local\Temp\surefire16188358315578652236\surefirebooter8273063201919888088.jar C:\Users\marit\AppData\Local\Temp\surefire16188358315578652236 2021-10-25T09-48-30_209-jvmRun1 surefire16464047912865214378tmp surefire_08482274119200672447tmp"/>
    <property name="jdk.debug" value="release"/>
    <property name="surefire.test.class.path" value="C:\Users\marit\Desktop\ventas\target\test-classes;C:\Users\marit\Desktop\ventas\target\classes;C:\Users\marit\.m2\repository\org\testng\testng\7.4.0\testng-7.4.0.jar;C:\Users\marit\.m2\repository\com\beust\jcommander\1.78\jcommander-1.78.jar;C:\Users\marit\.m2\repository\org\webjars\jquery\3.5.1\jquery-3.5.1.jar;C:\Users\marit\.m2\repository\org\mockito\mockito-core\3.2.4\mockito-core-3.2.4.jar;C:\Users\marit\.m2\repository\net\bytebuddy\byte-buddy\1.10.5\byte-buddy-1.10.5.jar;C:\Users\marit\.m2\repository\net\bytebuddy\byte-buddy-agent\1.10.5\byte-buddy-agent-1.10.5.jar;C:\Users\marit\.m2\repository\org\objenesis\objenesis\2.6\objenesis-2.6.jar;C:\Users\marit\.m2\repository\com\google\code\gson\gson\2.6.2\gson-2.6.2.jar;C:\Users\marit\.m2\repository\mysql\mysql-connector-java\8.0.26\mysql-connector-java-8.0.26.jar;C:\Users\marit\.m2\repository\com\google\protobuf\protobuf-java\3.11.4\protobuf-java-3.11.4.jar;C:\Users\marit\.m2\repository\io\micrometer\micrometer-registry-prometheus\1.2.1\micrometer-registry-prometheus-1.2.1.jar;C:\Users\marit\.m2\repository\io\micrometer\micrometer-core\1.2.1\micrometer-core-1.2.1.jar;C:\Users\marit\.m2\repository\org\hdrhistogram\HdrHistogram\2.1.11\HdrHistogram-2.1.11.jar;C:\Users\marit\.m2\repository\org\latencyutils\LatencyUtils\2.0.3\LatencyUtils-2.0.3.jar;C:\Users\marit\.m2\repository\io\prometheus\simpleclient_common\0.6.0\simpleclient_common-0.6.0.jar;C:\Users\marit\.m2\repository\io\prometheus\simpleclient\0.11.0\simpleclient-0.11.0.jar;C:\Users\marit\.m2\repository\io\prometheus\simpleclient_tracer_otel\0.11.0\simpleclient_tracer_otel-0.11.0.jar;C:\Users\marit\.m2\repository\io\prometheus\simpleclient_tracer_common\0.11.0\simpleclient_tracer_common-0.11.0.jar;C:\Users\marit\.m2\repository\io\prometheus\simpleclient_tracer_otel_agent\0.11.0\simpleclient_tracer_otel_agent-0.11.0.jar;C:\Users\marit\.m2\repository\io\prometheus\simpleclient_servlet\0.11.0\simpleclient_servlet-0.11.0.jar;C:\Users\marit\.m2\repository\io\prometheus\simpleclient_httpserver\0.9.0\simpleclient_httpserver-0.9.0.jar;C:\Users\marit\.m2\repository\com\mashape\unirest\unirest-java\1.4.9\unirest-java-1.4.9.jar;C:\Users\marit\.m2\repository\org\apache\httpcomponents\httpclient\4.5.2\httpclient-4.5.2.jar;C:\Users\marit\.m2\repository\org\apache\httpcomponents\httpcore\4.4.4\httpcore-4.4.4.jar;C:\Users\marit\.m2\repository\commons-logging\commons-logging\1.2\commons-logging-1.2.jar;C:\Users\marit\.m2\repository\commons-codec\commons-codec\1.9\commons-codec-1.9.jar;C:\Users\marit\.m2\repository\org\apache\httpcomponents\httpasyncclient\4.1.1\httpasyncclient-4.1.1.jar;C:\Users\marit\.m2\repository\org\apache\httpcomponents\httpcore-nio\4.4.4\httpcore-nio-4.4.4.jar;C:\Users\marit\.m2\repository\org\apache\httpcomponents\httpmime\4.5.2\httpmime-4.5.2.jar;C:\Users\marit\.m2\repository\org\json\json\20210307\json-20210307.jar;C:\Users\marit\.m2\repository\jstl\jstl\1.2\jstl-1.2.jar;C:\Users\marit\.m2\repository\javax\servlet\javax.servlet-api\4.0.1\javax.servlet-api-4.0.1.jar;C:\Users\marit\.m2\repository\javax\javaee-web-api\7.0\javaee-web-api-7.0.jar;C:\Users\marit\.m2\repository\org\glassfish\jersey\core\jersey-server\3.0.2\jersey-server-3.0.2.jar;C:\Users\marit\.m2\repository\org\glassfish\jersey\core\jersey-common\3.0.2\jersey-common-3.0.2.jar;C:\Users\marit\.m2\repository\org\glassfish\hk2\osgi-resource-locator\1.0.3\osgi-resource-locator-1.0.3.jar;C:\Users\marit\.m2\repository\org\glassfish\jersey\core\jersey-client\3.0.2\jersey-client-3.0.2.jar;C:\Users\marit\.m2\repository\jakarta\ws\rs\jakarta.ws.rs-api\3.0.0\jakarta.ws.rs-api-3.0.0.jar;C:\Users\marit\.m2\repository\jakarta\annotation\jakarta.annotation-api\2.0.0\jakarta.annotation-api-2.0.0.jar;C:\Users\marit\.m2\repository\jakarta\inject\jakarta.inject-api\2.0.0\jakarta.inject-api-2.0.0.jar;C:\Users\marit\.m2\repository\jakarta\validation\jakarta.validation-api\3.0.0\jakarta.validation-api-3.0.0.jar;C:\Users\marit\.m2\repository\org\jacoco\jacoco-maven-plugin\0.8.6\jacoco-maven-plugin-0.8.6.jar;C:\Users\marit\.m2\repository\org\apache\maven\maven-plugin-api\3.0\maven-plugin-api-3.0.jar;C:\Users\marit\.m2\repository\org\apache\maven\maven-model\3.0\maven-model-3.0.jar;C:\Users\marit\.m2\repository\org\apache\maven\maven-artifact\3.0\maven-artifact-3.0.jar;C:\Users\marit\.m2\repository\org\sonatype\sisu\sisu-inject-plexus\1.4.2\sisu-inject-plexus-1.4.2.jar;C:\Users\marit\.m2\repository\org\sonatype\sisu\sisu-inject-bean\1.4.2\sisu-inject-bean-1.4.2.jar;C:\Users\marit\.m2\repository\org\sonatype\sisu\sisu-guice\2.1.7\sisu-guice-2.1.7-noaop.jar;C:\Users\marit\.m2\repository\org\apache\maven\maven-core\3.0\maven-core-3.0.jar;C:\Users\marit\.m2\repository\org\apache\maven\maven-settings\3.0\maven-settings-3.0.jar;C:\Users\marit\.m2\repository\org\apache\maven\maven-settings-builder\3.0\maven-settings-builder-3.0.jar;C:\Users\marit\.m2\repository\org\apache\maven\maven-repository-metadata\3.0\maven-repository-metadata-3.0.jar;C:\Users\marit\.m2\repository\org\apache\maven\maven-model-builder\3.0\maven-model-builder-3.0.jar;C:\Users\marit\.m2\repository\org\apache\maven\maven-aether-provider\3.0\maven-aether-provider-3.0.jar;C:\Users\marit\.m2\repository\org\sonatype\aether\aether-impl\1.7\aether-impl-1.7.jar;C:\Users\marit\.m2\repository\org\sonatype\aether\aether-spi\1.7\aether-spi-1.7.jar;C:\Users\marit\.m2\repository\org\sonatype\aether\aether-api\1.7\aether-api-1.7.jar;C:\Users\marit\.m2\repository\org\sonatype\aether\aether-util\1.7\aether-util-1.7.jar;C:\Users\marit\.m2\repository\org\codehaus\plexus\plexus-interpolation\1.14\plexus-interpolation-1.14.jar;C:\Users\marit\.m2\repository\org\codehaus\plexus\plexus-classworlds\2.2.3\plexus-classworlds-2.2.3.jar;C:\Users\marit\.m2\repository\org\codehaus\plexus\plexus-component-annotations\1.5.5\plexus-component-annotations-1.5.5.jar;C:\Users\marit\.m2\repository\org\sonatype\plexus\plexus-sec-dispatcher\1.3\plexus-sec-dispatcher-1.3.jar;C:\Users\marit\.m2\repository\org\sonatype\plexus\plexus-cipher\1.4\plexus-cipher-1.4.jar;C:\Users\marit\.m2\repository\org\codehaus\plexus\plexus-utils\3.0.22\plexus-utils-3.0.22.jar;C:\Users\marit\.m2\repository\org\apache\maven\shared\file-management\1.2.1\file-management-1.2.1.jar;C:\Users\marit\.m2\repository\org\apache\maven\shared\maven-shared-io\1.1\maven-shared-io-1.1.jar;C:\Users\marit\.m2\repository\org\apache\maven\maven-artifact-manager\2.0.2\maven-artifact-manager-2.0.2.jar;C:\Users\marit\.m2\repository\org\apache\maven\wagon\wagon-provider-api\1.0-alpha-6\wagon-provider-api-1.0-alpha-6.jar;C:\Users\marit\.m2\repository\org\codehaus\plexus\plexus-container-default\1.0-alpha-9\plexus-container-default-1.0-alpha-9.jar;C:\Users\marit\.m2\repository\junit\junit\3.8.1\junit-3.8.1.jar;C:\Users\marit\.m2\repository\classworlds\classworlds\1.1-alpha-2\classworlds-1.1-alpha-2.jar;C:\Users\marit\.m2\repository\org\apache\maven\reporting\maven-reporting-api\3.0\maven-reporting-api-3.0.jar;C:\Users\marit\.m2\repository\org\apache\maven\doxia\doxia-sink-api\1.0\doxia-sink-api-1.0.jar;C:\Users\marit\.m2\repository\org\apache\maven\reporting\maven-reporting-impl\2.1\maven-reporting-impl-2.1.jar;C:\Users\marit\.m2\repository\org\apache\maven\maven-project\2.0.10\maven-project-2.0.10.jar;C:\Users\marit\.m2\repository\org\apache\maven\maven-profile\2.0.10\maven-profile-2.0.10.jar;C:\Users\marit\.m2\repository\org\apache\maven\maven-plugin-registry\2.0.10\maven-plugin-registry-2.0.10.jar;C:\Users\marit\.m2\repository\org\apache\maven\doxia\doxia-core\1.1.2\doxia-core-1.1.2.jar;C:\Users\marit\.m2\repository\org\apache\maven\doxia\doxia-logging-api\1.1.2\doxia-logging-api-1.1.2.jar;C:\Users\marit\.m2\repository\xerces\xercesImpl\2.8.1\xercesImpl-2.8.1.jar;C:\Users\marit\.m2\repository\commons-lang\commons-lang\2.4\commons-lang-2.4.jar;C:\Users\marit\.m2\repository\commons-httpclient\commons-httpclient\3.1\commons-httpclient-3.1.jar;C:\Users\marit\.m2\repository\org\apache\maven\doxia\doxia-site-renderer\1.1.2\doxia-site-renderer-1.1.2.jar;C:\Users\marit\.m2\repository\org\apache\maven\doxia\doxia-decoration-model\1.1.2\doxia-decoration-model-1.1.2.jar;C:\Users\marit\.m2\repository\org\apache\maven\doxia\doxia-module-xhtml\1.1.2\doxia-module-xhtml-1.1.2.jar;C:\Users\marit\.m2\repository\org\apache\maven\doxia\doxia-module-fml\1.1.2\doxia-module-fml-1.1.2.jar;C:\Users\marit\.m2\repository\org\codehaus\plexus\plexus-i18n\1.0-beta-7\plexus-i18n-1.0-beta-7.jar;C:\Users\marit\.m2\repository\org\codehaus\plexus\plexus-velocity\1.1.7\plexus-velocity-1.1.7.jar;C:\Users\marit\.m2\repository\org\apache\velocity\velocity\1.5\velocity-1.5.jar;C:\Users\marit\.m2\repository\commons-collections\commons-collections\3.2\commons-collections-3.2.jar;C:\Users\marit\.m2\repository\commons-validator\commons-validator\1.2.0\commons-validator-1.2.0.jar;C:\Users\marit\.m2\repository\commons-beanutils\commons-beanutils\1.7.0\commons-beanutils-1.7.0.jar;C:\Users\marit\.m2\repository\commons-digester\commons-digester\1.6\commons-digester-1.6.jar;C:\Users\marit\.m2\repository\oro\oro\2.0.8\oro-2.0.8.jar;C:\Users\marit\.m2\repository\xml-apis\xml-apis\1.0.b2\xml-apis-1.0.b2.jar;C:\Users\marit\.m2\repository\org\jacoco\org.jacoco.agent\0.8.6\org.jacoco.agent-0.8.6-runtime.jar;C:\Users\marit\.m2\repository\org\jacoco\org.jacoco.core\0.8.6\org.jacoco.core-0.8.6.jar;C:\Users\marit\.m2\repository\org\ow2\asm\asm\8.0.1\asm-8.0.1.jar;C:\Users\marit\.m2\repository\org\ow2\asm\asm-commons\8.0.1\asm-commons-8.0.1.jar;C:\Users\marit\.m2\repository\org\ow2\asm\asm-analysis\8.0.1\asm-analysis-8.0.1.jar;C:\Users\marit\.m2\repository\org\ow2\asm\asm-tree\8.0.1\asm-tree-8.0.1.jar;C:\Users\marit\.m2\repository\org\jacoco\org.jacoco.report\0.8.6\org.jacoco.report-0.8.6.jar;C:\Users\marit\.m2\repository\org\apache\maven\surefire\surefire-testng-utils\2.22.0\surefire-testng-utils-2.22.0.jar;C:\Users\marit\.m2\repository\org\apache\maven\surefire\surefire-grouper\2.22.0\surefire-grouper-2.22.0.jar;"/>
    <property name="sun.cpu.endian" value="little"/>
    <property name="user.home" value="C:\Users\marit"/>
    <property name="user.language" value="es"/>
    <property name="java.specification.vendor" value="Oracle Corporation"/>
    <property name="java.version.date" value="2021-07-20"/>
    <property name="java.home" value="C:\Program Files\Java\jdk-11.0.12"/>
    <property name="file.separator" value="\"/>
    <property name="basedir" value="C:\Users\marit\Desktop\ventas"/>
    <property name="java.vm.compressedOopsMode" value="Zero based"/>
    <property name="line.separator" value="&#10;"/>
    <property name="java.specification.name" value="Java Platform API Specification"/>
    <property name="java.vm.specification.vendor" value="Oracle Corporation"/>
    <property name="java.awt.graphicsenv" value="sun.awt.Win32GraphicsEnvironment"/>
    <property name="surefire.real.class.path" value="C:\Users\marit\AppData\Local\Temp\surefire16188358315578652236\surefirebooter8273063201919888088.jar"/>
    <property name="user.script" value=""/>
    <property name="sun.management.compiler" value="HotSpot 64-Bit Tiered Compilers"/>
    <property name="java.runtime.version" value="11.0.12+8-LTS-237"/>
    <property name="user.name" value="marit"/>
    <property name="path.separator" value=";"/>
    <property name="os.version" value="10.0"/>
    <property name="java.runtime.name" value="Java(TM) SE Runtime Environment"/>
    <property name="file.encoding" value="Cp1252"/>
    <property name="java.vm.name" value="Java HotSpot(TM) 64-Bit Server VM"/>
    <property name="java.vendor.version" value="18.9"/>
    <property name="localRepository" value="C:\Users\marit\.m2\repository"/>
    <property name="java.vendor.url.bug" value="https://bugreport.java.com/bugreport/"/>
    <property name="java.io.tmpdir" value="C:\Users\marit\AppData\Local\Temp\"/>
    <property name="java.version" value="11.0.12"/>
    <property name="user.dir" value="C:\Users\marit\Desktop\ventas"/>
    <property name="os.arch" value="amd64"/>
    <property name="java.vm.specification.name" value="Java Virtual Machine Specification"/>
    <property name="java.awt.printerjob" value="sun.awt.windows.WPrinterJob"/>
    <property name="sun.os.patch.level" value=""/>
    <property name="java.library.path" value="C:\Program Files\Java\jdk-11.0.12\bin;C:\WINDOWS\Sun\Java\bin;C:\WINDOWS\system32;C:\WINDOWS;C:\Program Files\Common Files\Oracle\Java\javapath;C:\Program Files\Oculus\Support\oculus-runtime;C:\Program Files (x86)\Common Files\Intel\Shared Libraries\redist\intel64\compiler;C:\Program Files (x86)\Common Files\Oracle\Java\javapath;C:\Program Files (x86)\Intel\Intel(R) Management Engine Components\iCLS\;C:\Program Files\Intel\Intel(R) Management Engine Components\iCLS\;C:\WINDOWS\system32;C:\WINDOWS;C:\WINDOWS\System32\Wbem;C:\WINDOWS\System32\WindowsPowerShell\v1.0\;C:\Program Files (x86)\Intel\Intel(R) Management Engine Components\DAL;C:\Program Files\Intel\Intel(R) Management Engine Components\DAL;C:\Program Files (x86)\Intel\Intel(R) Management Engine Components\IPT;C:\Program Files\Intel\Intel(R) Management Engine Components\IPT;C:\WINDOWS\System32\OpenSSH\;C:\Program Files\RedHat\java-1.8.0-openjdk-1.8.0.282-1\bin;C:\Program Files\RedHat\java-1.8.0-openjdk-1.8.0.282-1\jre\bin;C:\Program Files (x86)\Bitvise SSH Client;C:\Program Files (x86)\QuickTime\QTSystem\;C:\Program Files\Git\cmd;C:\Program Files\apache-maven-3.8.2\bin;C:\Program Files\nodejs\;C:\Users\marit\Desktop\flutter\bin;;C:\Program Files\Docker\Docker\resources\bin;C:\ProgramData\DockerDesktop\version-bin;C:\Users\marit\AppData\Local\Microsoft\WindowsApps;C:\Users\marit\AppData\Local\Programs\Microsoft VS Code\bin;C:\Users\marit\AppData\Local\GitHubDesktop\bin;C:\Users\marit\AppData\Roaming\npm;."/>
    <property name="java.vendor" value="Oracle Corporation"/>
    <property name="java.vm.info" value="mixed mode"/>
    <property name="java.vm.version" value="11.0.12+8-LTS-237"/>
    <property name="sun.io.unicode.encoding" value="UnicodeLittle"/>
    <property name="java.class.version" value="55.0"/>
  </properties>
  <testcase name="actualizarCliente" classname="UnitTesting.UnitTestCliente" time="0.026"/>
  <testcase name="agregarCliente" classname="UnitTesting.UnitTestCliente" time="0"/>
  <testcase name="buscarCliente" classname="UnitTesting.UnitTestCliente" time="0"/>
  <testcase name="deleteById" classname="UnitTesting.UnitTestCliente" time="0"/>
  <testcase name="gettersYsettersInventario" classname="UnitTesting.UnitTestCliente" time="0.007"/>
  <testcase name="listarClientes" classname="UnitTesting.UnitTestCliente" time="0.001"/>
  <testcase name="listarbyId" classname="UnitTesting.UnitTestCliente" time="0"/>
  <testcase name="actualizarEmpleado" classname="UnitTesting.UnitTestEmpleado" time="0.001"/>
  <testcase name="agregarEmpleado" classname="UnitTesting.UnitTestEmpleado" time="0.001"/>
  <testcase name="deleteById" classname="UnitTesting.UnitTestEmpleado" time="0.001"/>
  <testcase name="gettersYsettersEmpleado" classname="UnitTesting.UnitTestEmpleado" time="0"/>
  <testcase name="listarClientes" classname="UnitTesting.UnitTestEmpleado" time="0.001"/>
  <testcase name="listarbyId" classname="UnitTesting.UnitTestEmpleado" time="0.001"/>
  <testcase name="actualizarFabrica" classname="UnitTesting.UnitTestFabrica" time="0"/>
  <testcase name="agregarFabrica" classname="UnitTesting.UnitTestFabrica" time="0.002"/>
  <testcase name="buscarFabrica" classname="UnitTesting.UnitTestFabrica" time="0"/>
  <testcase name="buscarMarca" classname="UnitTesting.UnitTestFabrica" time="0"/>
  <testcase name="deleteById" classname="UnitTesting.UnitTestFabrica" time="0"/>
  <testcase name="gettersYsettersFabrica" classname="UnitTesting.UnitTestFabrica" time="0"/>
  <testcase name="listarFabricas" classname="UnitTesting.UnitTestFabrica" time="0"/>
  <testcase name="buscarInventario" classname="UnitTesting.UnitTestInventario" time="0.001"/>
  <testcase name="gettersYsettersInventario" classname="UnitTesting.UnitTestInventario" time="0.002"/>
  <testcase name="listarInventarios" classname="UnitTesting.UnitTestInventario" time="0"/>
  <testcase name="listarbyId" classname="UnitTesting.UnitTestInventario" time="0.001"/>
  <testcase name="agregarCliente" classname="UnitTesting.UnitTestMarca" time="0"/>
  <testcase name="deletebyId" classname="UnitTesting.UnitTestMarca" time="0"/>
  <testcase name="gettersYsettersMarca" classname="UnitTesting.UnitTestMarca" time="0"/>
  <testcase name="listarmarcas" classname="UnitTesting.UnitTestMarca" time="0.001"/>
  <testcase name="actualizaEstadoInventario" classname="UnitTesting.UnitTestPedidos" time="0"/>
  <testcase name="buscarbyId" classname="UnitTesting.UnitTestPedidos" time="0"/>
  <testcase name="gettersYsettersPedidos" classname="UnitTesting.UnitTestPedidos" time="0.001"/>
  <testcase name="listarPedidos" classname="UnitTesting.UnitTestPedidos" time="0"/>
</testsuite>