<?xml version="1.0" encoding="UTF-8"?>
<!-- Generated by org.testng.reporters.JUnitReportReporter -->
<testsuite hostname="DESKTOP-MG4TLCT" failures="0" tests="4" name="UnitTesting.UnitTestInventario" time="0.003" errors="0" timestamp="2021-10-25T09:48:33 CST" skipped="0">
  <testcase classname="UnitTesting.UnitTestInventario" name="listarbyId" time="0.000"/>
  <system-out/>
  <testcase classname="UnitTesting.UnitTestInventario" name="gettersYsettersInventario" time="0.001"/>
  <system-out/>
  <testcase classname="UnitTesting.UnitTestInventario" name="buscarInventario" time="0.001"/>
  <system-out/>
  <testcase classname="UnitTesting.UnitTestInventario" name="listarInventarios" time="0.001"/>
  <system-out/>
</testsuite> <!-- UnitTesting.UnitTestInventario -->
