<?xml version="1.0" encoding="UTF-8"?>
<!-- Generated by org.testng.reporters.JUnitReportReporter -->
<testsuite hostname="DESKTOP-MG4TLCT" failures="0" tests="4" name="UnitTesting.UnitTestPedidos" time="0.003" errors="0" timestamp="2021-10-24T22:09:30 CST" skipped="0">
  <testcase classname="UnitTesting.UnitTestPedidos" name="listarPedidos" time="0.000"/>
  <system-out/>
  <testcase classname="UnitTesting.UnitTestPedidos" name="buscarbyId" time="0.001"/>
  <system-out/>
  <testcase classname="UnitTesting.UnitTestPedidos" name="gettersYsettersPedidos" time="0.001"/>
  <system-out/>
  <testcase classname="UnitTesting.UnitTestPedidos" name="actualizaEstadoInventario" time="0.001"/>
  <system-out/>
</testsuite> <!-- UnitTesting.UnitTestPedidos -->
