<?xml version="1.0" encoding="UTF-8"?>
<!-- Generated by org.testng.reporters.JUnitReportReporter -->
<testsuite hostname="DESKTOP-MG4TLCT" failures="0" tests="7" name="UnitTesting.UnitTestCliente" time="0.033" errors="0" timestamp="2021-10-25T08:58:03 CST" skipped="0">
  <testcase classname="UnitTesting.UnitTestCliente" name="actualizarCliente" time="0.026"/>
  <system-out/>
  <testcase classname="UnitTesting.UnitTestCliente" name="listarClientes" time="0.000"/>
  <system-out/>
  <testcase classname="UnitTesting.UnitTestCliente" name="buscarCliente" time="0.001"/>
  <system-out/>
  <testcase classname="UnitTesting.UnitTestCliente" name="gettersYsettersInventario" time="0.005"/>
  <system-out/>
  <testcase classname="UnitTesting.UnitTestCliente" name="listarbyId" time="0.000"/>
  <system-out/>
  <testcase classname="UnitTesting.UnitTestCliente" name="agregarCliente" time="0.000"/>
  <system-out/>
  <testcase classname="UnitTesting.UnitTestCliente" name="deleteById" time="0.001"/>
  <system-out/>
</testsuite> <!-- UnitTesting.UnitTestCliente -->
