<?xml version="1.0" encoding="UTF-8"?>
<!-- Generated by org.testng.reporters.JUnitReportReporter -->
<testsuite hostname="DESKTOP-MG4TLCT" failures="0" tests="7" name="UnitTesting.UnitTestFabrica" time="0.003" errors="0" timestamp="2021-10-25T08:58:03 CST" skipped="0">
  <testcase classname="UnitTesting.UnitTestFabrica" name="buscarMarca" time="0.001"/>
  <system-out/>
  <testcase classname="UnitTesting.UnitTestFabrica" name="listarFabricas" time="0.000"/>
  <system-out/>
  <testcase classname="UnitTesting.UnitTestFabrica" name="gettersYsettersFabrica" time="0.000"/>
  <system-out/>
  <testcase classname="UnitTesting.UnitTestFabrica" name="agregarFabrica" time="0.000"/>
  <system-out/>
  <testcase classname="UnitTesting.UnitTestFabrica" name="buscarFabrica" time="0.000"/>
  <system-out/>
  <testcase classname="UnitTesting.UnitTestFabrica" name="deleteById" time="0.001"/>
  <system-out/>
  <testcase classname="UnitTesting.UnitTestFabrica" name="actualizarFabrica" time="0.001"/>
  <system-out/>
</testsuite> <!-- UnitTesting.UnitTestFabrica -->
