<?xml version="1.0" encoding="UTF-8"?>
<!-- Generated by org.testng.reporters.JUnitReportReporter -->
<testsuite hostname="DESKTOP-MG4TLCT" failures="0" tests="6" name="UnitTesting.UnitTestEmpleado" time="0.004" errors="0" timestamp="2021-10-24T22:26:07 CST" skipped="0">
  <testcase classname="UnitTesting.UnitTestEmpleado" name="gettersYsettersEmpleado" time="0.000"/>
  <system-out/>
  <testcase classname="UnitTesting.UnitTestEmpleado" name="listarbyId" time="0.000"/>
  <system-out/>
  <testcase classname="UnitTesting.UnitTestEmpleado" name="actualizarEmpleado" time="0.001"/>
  <system-out/>
  <testcase classname="UnitTesting.UnitTestEmpleado" name="agregarEmpleado" time="0.001"/>
  <system-out/>
  <testcase classname="UnitTesting.UnitTestEmpleado" name="listarClientes" time="0.001"/>
  <system-out/>
  <testcase classname="UnitTesting.UnitTestEmpleado" name="deleteById" time="0.001"/>
  <system-out/>
</testsuite> <!-- UnitTesting.UnitTestEmpleado -->
