<?xml version="1.0" encoding="UTF-8"?>
<!-- Generated by org.testng.reporters.JUnitReportReporter -->
<testsuite hostname="DESKTOP-MG4TLCT" failures="0" tests="4" name="UnitTesting.UnitTestMarca" time="0.001" errors="0" timestamp="2021-10-24T22:09:30 CST" skipped="0">
  <testcase classname="UnitTesting.UnitTestMarca" name="listarmarcas" time="0.001"/>
  <system-out/>
  <testcase classname="UnitTesting.UnitTestMarca" name="agregarCliente" time="0.000"/>
  <system-out/>
  <testcase classname="UnitTesting.UnitTestMarca" name="deletebyId" time="0.000"/>
  <system-out/>
  <testcase classname="UnitTesting.UnitTestMarca" name="gettersYsettersMarca" time="0.000"/>
  <system-out/>
</testsuite> <!-- UnitTesting.UnitTestMarca -->
